<?xml version="1.0" encoding="UTF-8"?>
<testng-results skipped="0" failed="0" total="1" passed="1">
  <reporter-output>
  </reporter-output>
  <suite name="Default suite" duration-ms="5174" started-at="2020-01-19T17:15:25Z" finished-at="2020-01-19T17:15:30Z">
    <groups>
    </groups>
    <test name="Default test" duration-ms="5174" started-at="2020-01-19T17:15:25Z" finished-at="2020-01-19T17:15:30Z">
      <class name="RestApiPractice.FetchcurObjbasedonCountryCode">
        <test-method status="PASS" signature="fetch()[pri:0, instance:RestApiPractice.FetchcurObjbasedonCountryCode@3a82f6ef]" name="fetch" duration-ms="5135" started-at="2020-01-19T22:45:25Z" finished-at="2020-01-19T22:45:30Z">
          <reporter-output>
          </reporter-output>
        </test-method> <!-- fetch -->
      </class> <!-- RestApiPractice.FetchcurObjbasedonCountryCode -->
    </test> <!-- Default test -->
  </suite> <!-- Default suite -->
</testng-results>
